<?xml version="1.0" encoding="UTF-8"?>
<!-- Generated by org.testng.reporters.JUnitReportReporter -->
<testsuite hostname="WINCTRL-MVB76HB" failures="0" tests="1" name="com.vedantu.tests.LoginTest" time="17.446" errors="0" timestamp="20 Jun 2021 11:56:41 GMT" skipped="0">
  <testcase classname="com.vedantu.tests.LoginTest" name="test" time="17.446"/>
</testsuite> <!-- com.vedantu.tests.LoginTest -->
